<?xml version="1.0" encoding="utf-8"?><testsuites name="pytest tests"><testsuite name="pytest" errors="0" failures="1" skipped="0" tests="28" time="10.810" timestamp="2026-07-02T22:55:55.644524+02:00" hostname="PCamille"><testcase classname="tests.test_api" name="test_health_endpoint" time="0.006" /><testcase classname="tests.test_api" name="test_ask_valid_question" time="0.004" /><testcase classname="tests.test_api" name="test_ask_empty_question" time="0.003" /><testcase classname="tests.test_api" name="test_ask_spaces_only_question" time="0.003" /><testcase classname="tests.test_api" name="test_ask_missing_question" time="0.002" /><testcase classname="tests.test_api" name="test_ask_empty_payload" time="0.003" /><testcase classname="tests.test_api" name="test_rebuild_without_key_is_unauthorized" time="0.004" /><testcase classname="tests.test_chunking" name="test_dataframe_to_documents_creates_documents" time="0.002" /><testcase classname="tests.test_chunking" name="test_split_documents_creates_chunks" time="0.001" /><testcase classname="tests.test_embeddings" name="test_embeddings_file_exists" time="0.000" /><testcase classname="tests.test_embeddings" name="test_embeddings_have_expected_structure" time="2.176" /><testcase classname="tests.test_evaluation" name="test_exact_match_positive" time="0.000" /><testcase classname="tests.test_evaluation" name="test_exact_match_negative" time="0.000" /><testcase classname="tests.test_evaluation" name="test_classify_similarity_correct" time="0.000" /><testcase classname="tests.test_evaluation" name="test_classify_similarity_partial" time="0.000" /><testcase classname="tests.test_evaluation" name="test_classify_similarity_incorrect" time="0.000" /><testcase classname="tests.test_evaluation" name="test_business_classification_correct" time="0.000" /><testcase classname="tests.test_evaluation" name="test_is_future_date" time="0.000" /><testcase classname="tests.test_evaluation" name="test_is_past_date" time="0.000" /><testcase classname="tests.test_fetch_openagenda" name="test_fetch_events_returns_results" time="0.711" /><testcase classname="tests.test_fetch_openagenda" name="test_fetched_events_have_expected_fields" time="0.542" /><testcase classname="tests.test_fetch_openagenda" name="test_fetched_events_are_filtered_on_occitanie_and_2025" time="0.533"><failure message="AssertionError: assert False&#10; +  where False = &lt;built-in method startswith of str object at 0x0000029951F10080&gt;('2025')&#10; +    where &lt;built-in method startswith of str object at 0x0000029951F10080&gt; = '2032-01-01T01:00:00+00:00'.startswith&#10; +      where '2032-01-01T01:00:00+00:00' = str('2032-01-01T01:00:00+00:00')">tests\test_fetch_openagenda.py:56: in test_fetched_events_are_filtered_on_occitanie_and_2025
    assert str(event["firstdate_begin"]).startswith("2025")
E   AssertionError: assert False
E    +  where False = &lt;built-in method startswith of str object at 0x0000029951F10080&gt;('2025')
E    +    where &lt;built-in method startswith of str object at 0x0000029951F10080&gt; = '2032-01-01T01:00:00+00:00'.startswith
E    +      where '2032-01-01T01:00:00+00:00' = str('2032-01-01T01:00:00+00:00')</failure></testcase><testcase classname="tests.test_preprocessing" name="test_clean_html_removes_tags" time="0.000" /><testcase classname="tests.test_preprocessing" name="test_normalize_event_returns_expected_fields" time="0.000" /><testcase classname="tests.test_preprocessing" name="test_preprocess_events_drops_invalid_events" time="0.009" /><testcase classname="tests.test_preprocessing" name="test_preprocess_events_converts_dates" time="0.005" /><testcase classname="tests.test_vectorstore" name="test_faiss_index_creation_and_search" time="0.023" /><testcase classname="tests.test_vectorstore" name="test_faiss_save_and_load" time="0.039" /></testsuite></testsuites>